<?xml version="1.0" encoding="UTF-8"?>
<testng-results retried="1" ignored="1" total="8" passed="5" failed="1" skipped="0">
  <reporter-output>
  </reporter-output>
  <suite started-at="2023-12-06T11:17:39 IST" name="Suite" finished-at="2023-12-06T11:22:30 IST" duration-ms="291751">
    <groups>
      <group name="Regression">
        <method signature="EventPageTest.eventPage_addEventTest()[pri:0, instance:com.bschool.chats.bschoolAndroid.tests.EventPageTest@5b1ebf56]" name="eventPage_addEventTest" class="com.bschool.chats.bschoolAndroid.tests.EventPageTest"/>
        <method signature="EventPageTest.eventPage_displayedTest()[pri:0, instance:com.bschool.chats.bschoolAndroid.tests.EventPageTest@5b1ebf56]" name="eventPage_displayedTest" class="com.bschool.chats.bschoolAndroid.tests.EventPageTest"/>
        <method signature="EventPageTest.eventPage_editEvent()[pri:0, instance:com.bschool.chats.bschoolAndroid.tests.EventPageTest@5b1ebf56]" name="eventPage_editEvent" class="com.bschool.chats.bschoolAndroid.tests.EventPageTest"/>
        <method signature="EventPageTest.eventPage_readComments()[pri:0, instance:com.bschool.chats.bschoolAndroid.tests.EventPageTest@5b1ebf56]" name="eventPage_readComments" class="com.bschool.chats.bschoolAndroid.tests.EventPageTest"/>
        <method signature="EventPageTest.eventPage_readDetails()[pri:0, instance:com.bschool.chats.bschoolAndroid.tests.EventPageTest@5b1ebf56]" name="eventPage_readDetails" class="com.bschool.chats.bschoolAndroid.tests.EventPageTest"/>
        <method signature="EventPageTest.eventPage_writeComments()[pri:0, instance:com.bschool.chats.bschoolAndroid.tests.EventPageTest@5b1ebf56]" name="eventPage_writeComments" class="com.bschool.chats.bschoolAndroid.tests.EventPageTest"/>
      </group> <!-- Regression -->
      <group name="Smoke">
        <method signature="EventPageTest.eventPage_addEventTest()[pri:0, instance:com.bschool.chats.bschoolAndroid.tests.EventPageTest@5b1ebf56]" name="eventPage_addEventTest" class="com.bschool.chats.bschoolAndroid.tests.EventPageTest"/>
        <method signature="EventPageTest.eventPage_displayedTest()[pri:0, instance:com.bschool.chats.bschoolAndroid.tests.EventPageTest@5b1ebf56]" name="eventPage_displayedTest" class="com.bschool.chats.bschoolAndroid.tests.EventPageTest"/>
      </group> <!-- Smoke -->
    </groups>
    <test started-at="2023-12-06T11:17:39 IST" name="Test" finished-at="2023-12-06T11:22:30 IST" duration-ms="291751">
      <class name="com.bschool.chats.bschoolAndroid.tests.EventPageTest">
        <test-method is-config="true" signature="beforeRunningTest()[pri:0, instance:com.bschool.chats.bschoolAndroid.tests.EventPageTest@5b1ebf56]" started-at="2023-12-06T11:17:39 IST" name="beforeRunningTest" finished-at="2023-12-06T11:17:39 IST" duration-ms="16" status="PASS">
          <reporter-output>
          </reporter-output>
        </test-method> <!-- beforeRunningTest -->
        <test-method is-config="true" signature="logintoApp()[pri:0, instance:com.bschool.chats.bschoolAndroid.tests.EventPageTest@5b1ebf56]" started-at="2023-12-06T11:17:39 IST" name="logintoApp" finished-at="2023-12-06T11:17:51 IST" duration-ms="12090" status="PASS">
          <reporter-output>
          </reporter-output>
        </test-method> <!-- logintoApp -->
        <test-method signature="eventPage_addEventTest()[pri:0, instance:com.bschool.chats.bschoolAndroid.tests.EventPageTest@5b1ebf56]" started-at="2023-12-06T11:17:51 IST" name="eventPage_addEventTest" finished-at="2023-12-06T11:18:31 IST" duration-ms="39881" status="PASS">
          <reporter-output>
          </reporter-output>
        </test-method> <!-- eventPage_addEventTest -->
        <test-method is-config="true" signature="tearDown()[pri:0, instance:com.bschool.chats.bschoolAndroid.tests.EventPageTest@5b1ebf56]" started-at="2023-12-06T11:18:31 IST" name="tearDown" finished-at="2023-12-06T11:18:31 IST" duration-ms="471" status="PASS">
          <reporter-output>
          </reporter-output>
        </test-method> <!-- tearDown -->
        <test-method is-config="true" signature="logintoApp()[pri:0, instance:com.bschool.chats.bschoolAndroid.tests.EventPageTest@5b1ebf56]" started-at="2023-12-06T11:18:31 IST" name="logintoApp" finished-at="2023-12-06T11:18:45 IST" duration-ms="13373" status="PASS">
          <reporter-output>
          </reporter-output>
        </test-method> <!-- logintoApp -->
        <test-method signature="eventPage_displayedTest()[pri:0, instance:com.bschool.chats.bschoolAndroid.tests.EventPageTest@5b1ebf56]" started-at="2023-12-06T11:18:45 IST" name="eventPage_displayedTest" finished-at="2023-12-06T11:18:52 IST" duration-ms="7639" status="PASS">
          <reporter-output>
          </reporter-output>
        </test-method> <!-- eventPage_displayedTest -->
        <test-method is-config="true" signature="tearDown()[pri:0, instance:com.bschool.chats.bschoolAndroid.tests.EventPageTest@5b1ebf56]" started-at="2023-12-06T11:18:52 IST" name="tearDown" finished-at="2023-12-06T11:18:52 IST" duration-ms="295" status="PASS">
          <reporter-output>
          </reporter-output>
        </test-method> <!-- tearDown -->
        <test-method is-config="true" signature="logintoApp()[pri:0, instance:com.bschool.chats.bschoolAndroid.tests.EventPageTest@5b1ebf56]" started-at="2023-12-06T11:18:52 IST" name="logintoApp" finished-at="2023-12-06T11:19:03 IST" duration-ms="10995" status="PASS">
          <reporter-output>
          </reporter-output>
        </test-method> <!-- logintoApp -->
        <test-method signature="eventPage_editEvent()[pri:0, instance:com.bschool.chats.bschoolAndroid.tests.EventPageTest@5b1ebf56]" started-at="2023-12-06T11:19:03 IST" name="eventPage_editEvent" finished-at="2023-12-06T11:19:43 IST" duration-ms="39105" status="PASS">
          <reporter-output>
          </reporter-output>
        </test-method> <!-- eventPage_editEvent -->
        <test-method is-config="true" signature="tearDown()[pri:0, instance:com.bschool.chats.bschoolAndroid.tests.EventPageTest@5b1ebf56]" started-at="2023-12-06T11:19:43 IST" name="tearDown" finished-at="2023-12-06T11:19:43 IST" duration-ms="338" status="PASS">
          <reporter-output>
          </reporter-output>
        </test-method> <!-- tearDown -->
        <test-method is-config="true" signature="logintoApp()[pri:0, instance:com.bschool.chats.bschoolAndroid.tests.EventPageTest@5b1ebf56]" started-at="2023-12-06T11:19:43 IST" name="logintoApp" finished-at="2023-12-06T11:19:54 IST" duration-ms="11508" status="PASS">
          <reporter-output>
          </reporter-output>
        </test-method> <!-- logintoApp -->
        <test-method retried="true" signature="eventPage_readComments()[pri:0, instance:com.bschool.chats.bschoolAndroid.tests.EventPageTest@5b1ebf56]" started-at="2023-12-06T11:19:54 IST" name="eventPage_readComments" finished-at="2023-12-06T11:20:19 IST" duration-ms="24513" status="SKIP">
          <exception class="org.openqa.selenium.NoSuchElementException">
            <message>
              <![CDATA[An element could not be located on the page using the given search parameters.
For documentation on this error, please visit: https://www.selenium.dev/documentation/webdriver/troubleshooting/errors#no-such-element-exception
Build info: version: '4.15.0', revision: '1d14b5521b'
System info: os.name: 'Mac OS X', os.arch: 'x86_64', os.version: '14.1', java.version: '17.0.9'
Driver info: io.appium.java_client.android.AndroidDriver
Command: [48347ba8-76b5-48e1-9d8b-f0b4032295e5, findElement {using=xpath, value=//android.widget.TextView[@content-desc="AddEventButton"]}]
Capabilities {appium:app: /Users/shalinigupta/Desktop..., appium:appPackage: com.bschool.chats, appium:automationName: UiAutomator2, appium:databaseEnabled: false, appium:desired: {app: /Users/shalinigupta/Desktop..., automationName: UiAutomator2, deviceName: Pixel 7 Pro API 30, platformName: ANDROID}, appium:deviceApiLevel: 30, appium:deviceManufacturer: Google, appium:deviceModel: sdk_gphone_arm64, appium:deviceName: emulator-5554, appium:deviceScreenDensity: 560, appium:deviceScreenSize: 1440x3120, appium:deviceUDID: emulator-5554, appium:javascriptEnabled: true, appium:locationContextEnabled: false, appium:networkConnectionEnabled: true, appium:pixelRatio: 3.5, appium:platformVersion: 11, appium:statBarHeight: 84, appium:takesScreenshot: true, appium:viewportRect: {height: 2868, left: 0, top: 84, width: 1440}, appium:warnings: {}, appium:webStorageEnabled: false, platformName: ANDROID}
Session ID: 48347ba8-76b5-48e1-9d8b-f0b4032295e5]]>
            </message>
            <full-stacktrace>
              <![CDATA[org.openqa.selenium.NoSuchElementException: An element could not be located on the page using the given search parameters.
For documentation on this error, please visit: https://www.selenium.dev/documentation/webdriver/troubleshooting/errors#no-such-element-exception
Build info: version: '4.15.0', revision: '1d14b5521b'
System info: os.name: 'Mac OS X', os.arch: 'x86_64', os.version: '14.1', java.version: '17.0.9'
Driver info: io.appium.java_client.android.AndroidDriver
Command: [48347ba8-76b5-48e1-9d8b-f0b4032295e5, findElement {using=xpath, value=//android.widget.TextView[@content-desc="AddEventButton"]}]
Capabilities {appium:app: /Users/shalinigupta/Desktop..., appium:appPackage: com.bschool.chats, appium:automationName: UiAutomator2, appium:databaseEnabled: false, appium:desired: {app: /Users/shalinigupta/Desktop..., automationName: UiAutomator2, deviceName: Pixel 7 Pro API 30, platformName: ANDROID}, appium:deviceApiLevel: 30, appium:deviceManufacturer: Google, appium:deviceModel: sdk_gphone_arm64, appium:deviceName: emulator-5554, appium:deviceScreenDensity: 560, appium:deviceScreenSize: 1440x3120, appium:deviceUDID: emulator-5554, appium:javascriptEnabled: true, appium:locationContextEnabled: false, appium:networkConnectionEnabled: true, appium:pixelRatio: 3.5, appium:platformVersion: 11, appium:statBarHeight: 84, appium:takesScreenshot: true, appium:viewportRect: {height: 2868, left: 0, top: 84, width: 1440}, appium:warnings: {}, appium:webStorageEnabled: false, platformName: ANDROID}
Session ID: 48347ba8-76b5-48e1-9d8b-f0b4032295e5
at java.base/jdk.internal.reflect.NativeConstructorAccessorImpl.newInstance0(Native Method)
at java.base/jdk.internal.reflect.NativeConstructorAccessorImpl.newInstance(NativeConstructorAccessorImpl.java:77)
at java.base/jdk.internal.reflect.DelegatingConstructorAccessorImpl.newInstance(DelegatingConstructorAccessorImpl.java:45)
at java.base/java.lang.reflect.Constructor.newInstanceWithCaller(Constructor.java:499)
at java.base/java.lang.reflect.Constructor.newInstance(Constructor.java:480)
at org.openqa.selenium.remote.codec.w3c.W3CHttpResponseCodec.createException(W3CHttpResponseCodec.java:200)
at org.openqa.selenium.remote.codec.w3c.W3CHttpResponseCodec.decode(W3CHttpResponseCodec.java:133)
at org.openqa.selenium.remote.codec.w3c.W3CHttpResponseCodec.decode(W3CHttpResponseCodec.java:52)
at org.openqa.selenium.remote.HttpCommandExecutor.execute(HttpCommandExecutor.java:191)
at io.appium.java_client.remote.AppiumCommandExecutor.execute(AppiumCommandExecutor.java:238)
at org.openqa.selenium.remote.RemoteWebDriver.execute(RemoteWebDriver.java:607)
at org.openqa.selenium.remote.ElementLocation$ElementFinder$2.findElement(ElementLocation.java:165)
at org.openqa.selenium.remote.ElementLocation.findElement(ElementLocation.java:59)
at org.openqa.selenium.remote.RemoteWebDriver.findElement(RemoteWebDriver.java:364)
at org.openqa.selenium.remote.RemoteWebDriver.findElement(RemoteWebDriver.java:358)
at org.openqa.selenium.support.pagefactory.DefaultElementLocator.findElement(DefaultElementLocator.java:68)
at org.openqa.selenium.support.pagefactory.internal.LocatingElementHandler.invoke(LocatingElementHandler.java:38)
at jdk.proxy2/jdk.proxy2.$Proxy16.click(Unknown Source)
at com.bschool.chats.bschoolAndroid.pageojects.EventPage.clickAddEvent(EventPage.java:249)
at com.bschool.chats.bschoolAndroid.tests.EventPageTest.eventPage_readComments(EventPageTest.java:125)
at java.base/jdk.internal.reflect.NativeMethodAccessorImpl.invoke0(Native Method)
at java.base/jdk.internal.reflect.NativeMethodAccessorImpl.invoke(NativeMethodAccessorImpl.java:77)
at java.base/jdk.internal.reflect.DelegatingMethodAccessorImpl.invoke(DelegatingMethodAccessorImpl.java:43)
at java.base/java.lang.reflect.Method.invoke(Method.java:568)
at org.testng.internal.invokers.MethodInvocationHelper.invokeMethod(MethodInvocationHelper.java:139)
at org.testng.internal.invokers.TestInvoker.invokeMethod(TestInvoker.java:664)
at org.testng.internal.invokers.TestInvoker.invokeTestMethod(TestInvoker.java:227)
at org.testng.internal.invokers.MethodRunner.runInSequence(MethodRunner.java:50)
at org.testng.internal.invokers.TestInvoker$MethodInvocationAgent.invoke(TestInvoker.java:957)
at org.testng.internal.invokers.TestInvoker.invokeTestMethods(TestInvoker.java:200)
at org.testng.internal.invokers.TestMethodWorker.invokeTestMethods(TestMethodWorker.java:148)
at org.testng.internal.invokers.TestMethodWorker.run(TestMethodWorker.java:128)
at java.base/java.util.ArrayList.forEach(ArrayList.java:1511)
at org.testng.TestRunner.privateRun(TestRunner.java:848)
at org.testng.TestRunner.run(TestRunner.java:621)
at org.testng.SuiteRunner.runTest(SuiteRunner.java:443)
at org.testng.SuiteRunner.runSequentially(SuiteRunner.java:437)
at org.testng.SuiteRunner.privateRun(SuiteRunner.java:397)
at org.testng.SuiteRunner.run(SuiteRunner.java:336)
at org.testng.SuiteRunnerWorker.runSuite(SuiteRunnerWorker.java:52)
at org.testng.SuiteRunnerWorker.run(SuiteRunnerWorker.java:95)
at org.testng.TestNG.runSuitesSequentially(TestNG.java:1280)
at org.testng.TestNG.runSuitesLocally(TestNG.java:1200)
at org.testng.TestNG.runSuites(TestNG.java:1114)
at org.testng.TestNG.run(TestNG.java:1082)
at org.testng.remote.AbstractRemoteTestNG.run(AbstractRemoteTestNG.java:115)
at org.testng.remote.RemoteTestNG.initAndRun(RemoteTestNG.java:251)
at org.testng.remote.RemoteTestNG.main(RemoteTestNG.java:77)
]]>
            </full-stacktrace>
          </exception> <!-- org.openqa.selenium.NoSuchElementException -->
          <reporter-output>
          </reporter-output>
        </test-method> <!-- eventPage_readComments -->
        <test-method is-config="true" signature="tearDown()[pri:0, instance:com.bschool.chats.bschoolAndroid.tests.EventPageTest@5b1ebf56]" started-at="2023-12-06T11:20:19 IST" name="tearDown" finished-at="2023-12-06T11:20:19 IST" duration-ms="163" status="PASS">
          <reporter-output>
          </reporter-output>
        </test-method> <!-- tearDown -->
        <test-method is-config="true" signature="logintoApp()[pri:0, instance:com.bschool.chats.bschoolAndroid.tests.EventPageTest@5b1ebf56]" started-at="2023-12-06T11:20:19 IST" name="logintoApp" finished-at="2023-12-06T11:20:32 IST" duration-ms="12442" status="PASS">
          <reporter-output>
          </reporter-output>
        </test-method> <!-- logintoApp -->
        <test-method signature="eventPage_readComments()[pri:0, instance:com.bschool.chats.bschoolAndroid.tests.EventPageTest@5b1ebf56]" started-at="2023-12-06T11:20:32 IST" name="eventPage_readComments" finished-at="2023-12-06T11:20:47 IST" duration-ms="15612" status="FAIL">
          <exception class="org.openqa.selenium.StaleElementReferenceException">
            <message>
              <![CDATA[The element 'By.xpath: //android.widget.ImageView[@resource-id="com.google.android.documentsui:id/icon_thumb"]' does not exist in DOM anymore
For documentation on this error, please visit: https://www.selenium.dev/documentation/webdriver/troubleshooting/errors#stale-element-reference-exception
Build info: version: '4.15.0', revision: '1d14b5521b'
System info: os.name: 'Mac OS X', os.arch: 'x86_64', os.version: '14.1', java.version: '17.0.9'
Driver info: io.appium.java_client.android.AndroidDriver
Command: [a2a6c640-ccb9-40c4-88f2-9a974e2be41c, isElementDisplayed {id=00000000-0000-00f7-ffff-ffff00000085}]
Capabilities {appium:app: /Users/shalinigupta/Desktop..., appium:appPackage: com.bschool.chats, appium:automationName: UiAutomator2, appium:databaseEnabled: false, appium:desired: {app: /Users/shalinigupta/Desktop..., automationName: UiAutomator2, deviceName: Pixel 7 Pro API 30, platformName: ANDROID}, appium:deviceApiLevel: 30, appium:deviceManufacturer: Google, appium:deviceModel: sdk_gphone_arm64, appium:deviceName: emulator-5554, appium:deviceScreenDensity: 560, appium:deviceScreenSize: 1440x3120, appium:deviceUDID: emulator-5554, appium:javascriptEnabled: true, appium:locationContextEnabled: false, appium:networkConnectionEnabled: true, appium:pixelRatio: 3.5, appium:platformVersion: 11, appium:statBarHeight: 84, appium:takesScreenshot: true, appium:viewportRect: {height: 2868, left: 0, top: 84, width: 1440}, appium:warnings: {}, appium:webStorageEnabled: false, platformName: ANDROID}
Element: [[AndroidDriver:  on ANDROID (a2a6c640-ccb9-40c4-88f2-9a974e2be41c)] -> xpath: //android.widget.ImageView[@resource-id="com.google.android.documentsui:id/icon_thumb"]]
Session ID: a2a6c640-ccb9-40c4-88f2-9a974e2be41c]]>
            </message>
            <full-stacktrace>
              <![CDATA[org.openqa.selenium.StaleElementReferenceException: The element 'By.xpath: //android.widget.ImageView[@resource-id="com.google.android.documentsui:id/icon_thumb"]' does not exist in DOM anymore
For documentation on this error, please visit: https://www.selenium.dev/documentation/webdriver/troubleshooting/errors#stale-element-reference-exception
Build info: version: '4.15.0', revision: '1d14b5521b'
System info: os.name: 'Mac OS X', os.arch: 'x86_64', os.version: '14.1', java.version: '17.0.9'
Driver info: io.appium.java_client.android.AndroidDriver
Command: [a2a6c640-ccb9-40c4-88f2-9a974e2be41c, isElementDisplayed {id=00000000-0000-00f7-ffff-ffff00000085}]
Capabilities {appium:app: /Users/shalinigupta/Desktop..., appium:appPackage: com.bschool.chats, appium:automationName: UiAutomator2, appium:databaseEnabled: false, appium:desired: {app: /Users/shalinigupta/Desktop..., automationName: UiAutomator2, deviceName: Pixel 7 Pro API 30, platformName: ANDROID}, appium:deviceApiLevel: 30, appium:deviceManufacturer: Google, appium:deviceModel: sdk_gphone_arm64, appium:deviceName: emulator-5554, appium:deviceScreenDensity: 560, appium:deviceScreenSize: 1440x3120, appium:deviceUDID: emulator-5554, appium:javascriptEnabled: true, appium:locationContextEnabled: false, appium:networkConnectionEnabled: true, appium:pixelRatio: 3.5, appium:platformVersion: 11, appium:statBarHeight: 84, appium:takesScreenshot: true, appium:viewportRect: {height: 2868, left: 0, top: 84, width: 1440}, appium:warnings: {}, appium:webStorageEnabled: false, platformName: ANDROID}
Element: [[AndroidDriver:  on ANDROID (a2a6c640-ccb9-40c4-88f2-9a974e2be41c)] -> xpath: //android.widget.ImageView[@resource-id="com.google.android.documentsui:id/icon_thumb"]]
Session ID: a2a6c640-ccb9-40c4-88f2-9a974e2be41c
at java.base/jdk.internal.reflect.NativeConstructorAccessorImpl.newInstance0(Native Method)
at java.base/jdk.internal.reflect.NativeConstructorAccessorImpl.newInstance(NativeConstructorAccessorImpl.java:77)
at java.base/jdk.internal.reflect.DelegatingConstructorAccessorImpl.newInstance(DelegatingConstructorAccessorImpl.java:45)
at java.base/java.lang.reflect.Constructor.newInstanceWithCaller(Constructor.java:499)
at java.base/java.lang.reflect.Constructor.newInstance(Constructor.java:480)
at org.openqa.selenium.remote.codec.w3c.W3CHttpResponseCodec.createException(W3CHttpResponseCodec.java:200)
at org.openqa.selenium.remote.codec.w3c.W3CHttpResponseCodec.decode(W3CHttpResponseCodec.java:133)
at org.openqa.selenium.remote.codec.w3c.W3CHttpResponseCodec.decode(W3CHttpResponseCodec.java:52)
at org.openqa.selenium.remote.HttpCommandExecutor.execute(HttpCommandExecutor.java:191)
at io.appium.java_client.remote.AppiumCommandExecutor.execute(AppiumCommandExecutor.java:238)
at org.openqa.selenium.remote.RemoteWebDriver.execute(RemoteWebDriver.java:607)
at org.openqa.selenium.remote.RemoteWebElement.execute(RemoteWebElement.java:224)
at org.openqa.selenium.remote.RemoteWebElement.isDisplayed(RemoteWebElement.java:283)
at java.base/jdk.internal.reflect.NativeMethodAccessorImpl.invoke0(Native Method)
at java.base/jdk.internal.reflect.NativeMethodAccessorImpl.invoke(NativeMethodAccessorImpl.java:77)
at java.base/jdk.internal.reflect.DelegatingMethodAccessorImpl.invoke(DelegatingMethodAccessorImpl.java:43)
at java.base/java.lang.reflect.Method.invoke(Method.java:568)
at org.openqa.selenium.support.pagefactory.internal.LocatingElementHandler.invoke(LocatingElementHandler.java:51)
at jdk.proxy2/jdk.proxy2.$Proxy16.isDisplayed(Unknown Source)
at com.bschool.chats.bschoolAndroid.pageojects.EventPage.VerifyPhotoOptionsDisplayed(EventPage.java:430)
at com.bschool.chats.bschoolAndroid.tests.EventPageTest.eventPage_readComments(EventPageTest.java:128)
at java.base/jdk.internal.reflect.NativeMethodAccessorImpl.invoke0(Native Method)
at java.base/jdk.internal.reflect.NativeMethodAccessorImpl.invoke(NativeMethodAccessorImpl.java:77)
at java.base/jdk.internal.reflect.DelegatingMethodAccessorImpl.invoke(DelegatingMethodAccessorImpl.java:43)
at java.base/java.lang.reflect.Method.invoke(Method.java:568)
at org.testng.internal.invokers.MethodInvocationHelper.invokeMethod(MethodInvocationHelper.java:139)
at org.testng.internal.invokers.TestInvoker.invokeMethod(TestInvoker.java:664)
at org.testng.internal.invokers.TestInvoker.retryFailed(TestInvoker.java:248)
at org.testng.internal.invokers.MethodRunner.runInSequence(MethodRunner.java:62)
at org.testng.internal.invokers.TestInvoker$MethodInvocationAgent.invoke(TestInvoker.java:957)
at org.testng.internal.invokers.TestInvoker.invokeTestMethods(TestInvoker.java:200)
at org.testng.internal.invokers.TestMethodWorker.invokeTestMethods(TestMethodWorker.java:148)
at org.testng.internal.invokers.TestMethodWorker.run(TestMethodWorker.java:128)
at java.base/java.util.ArrayList.forEach(ArrayList.java:1511)
at org.testng.TestRunner.privateRun(TestRunner.java:848)
at org.testng.TestRunner.run(TestRunner.java:621)
at org.testng.SuiteRunner.runTest(SuiteRunner.java:443)
at org.testng.SuiteRunner.runSequentially(SuiteRunner.java:437)
at org.testng.SuiteRunner.privateRun(SuiteRunner.java:397)
at org.testng.SuiteRunner.run(SuiteRunner.java:336)
at org.testng.SuiteRunnerWorker.runSuite(SuiteRunnerWorker.java:52)
at org.testng.SuiteRunnerWorker.run(SuiteRunnerWorker.java:95)
at org.testng.TestNG.runSuitesSequentially(TestNG.java:1280)
at org.testng.TestNG.runSuitesLocally(TestNG.java:1200)
at org.testng.TestNG.runSuites(TestNG.java:1114)
at org.testng.TestNG.run(TestNG.java:1082)
at org.testng.remote.AbstractRemoteTestNG.run(AbstractRemoteTestNG.java:115)
at org.testng.remote.RemoteTestNG.initAndRun(RemoteTestNG.java:251)
at org.testng.remote.RemoteTestNG.main(RemoteTestNG.java:77)
]]>
            </full-stacktrace>
          </exception> <!-- org.openqa.selenium.StaleElementReferenceException -->
          <reporter-output>
          </reporter-output>
        </test-method> <!-- eventPage_readComments -->
        <test-method is-config="true" signature="tearDown()[pri:0, instance:com.bschool.chats.bschoolAndroid.tests.EventPageTest@5b1ebf56]" started-at="2023-12-06T11:20:48 IST" name="tearDown" finished-at="2023-12-06T11:20:48 IST" duration-ms="295" status="PASS">
          <reporter-output>
          </reporter-output>
        </test-method> <!-- tearDown -->
        <test-method is-config="true" signature="logintoApp()[pri:0, instance:com.bschool.chats.bschoolAndroid.tests.EventPageTest@5b1ebf56]" started-at="2023-12-06T11:20:48 IST" name="logintoApp" finished-at="2023-12-06T11:21:01 IST" duration-ms="12589" status="PASS">
          <reporter-output>
          </reporter-output>
        </test-method> <!-- logintoApp -->
        <test-method signature="eventPage_readDetails()[pri:0, instance:com.bschool.chats.bschoolAndroid.tests.EventPageTest@5b1ebf56]" started-at="2023-12-06T11:21:01 IST" name="eventPage_readDetails" finished-at="2023-12-06T11:21:37 IST" duration-ms="36703" status="PASS">
          <reporter-output>
          </reporter-output>
        </test-method> <!-- eventPage_readDetails -->
        <test-method is-config="true" signature="tearDown()[pri:0, instance:com.bschool.chats.bschoolAndroid.tests.EventPageTest@5b1ebf56]" started-at="2023-12-06T11:21:37 IST" name="tearDown" finished-at="2023-12-06T11:21:38 IST" duration-ms="329" status="PASS">
          <reporter-output>
          </reporter-output>
        </test-method> <!-- tearDown -->
        <test-method is-config="true" signature="logintoApp()[pri:0, instance:com.bschool.chats.bschoolAndroid.tests.EventPageTest@5b1ebf56]" started-at="2023-12-06T11:21:38 IST" name="logintoApp" finished-at="2023-12-06T11:21:48 IST" duration-ms="10708" status="PASS">
          <reporter-output>
          </reporter-output>
        </test-method> <!-- logintoApp -->
        <test-method signature="eventPage_writeComments()[pri:0, instance:com.bschool.chats.bschoolAndroid.tests.EventPageTest@5b1ebf56]" started-at="2023-12-06T11:21:48 IST" name="eventPage_writeComments" finished-at="2023-12-06T11:22:30 IST" duration-ms="41689" status="PASS">
          <reporter-output>
          </reporter-output>
        </test-method> <!-- eventPage_writeComments -->
        <test-method is-config="true" signature="tearDown()[pri:0, instance:com.bschool.chats.bschoolAndroid.tests.EventPageTest@5b1ebf56]" started-at="2023-12-06T11:22:30 IST" name="tearDown" finished-at="2023-12-06T11:22:30 IST" duration-ms="312" status="PASS">
          <reporter-output>
          </reporter-output>
        </test-method> <!-- tearDown -->
        <test-method is-config="true" signature="sendReports()[pri:0, instance:com.bschool.chats.bschoolAndroid.tests.EventPageTest@5b1ebf56]" started-at="2023-12-06T11:22:36 IST" name="sendReports" finished-at="2023-12-06T11:22:42 IST" duration-ms="6243" status="PASS">
          <reporter-output>
          </reporter-output>
        </test-method> <!-- sendReports -->
      </class> <!-- com.bschool.chats.bschoolAndroid.tests.EventPageTest -->
    </test> <!-- Test -->
  </suite> <!-- Suite -->
</testng-results>
